Log file open, 07/17/20 16:14:11
LogWindows: Failed to load 'aqProf.dll' (GetLastError=126)
LogWindows: File 'aqProf.dll' does not exist
LogWindows: Failed to load 'VtuneApi.dll' (GetLastError=126)
LogWindows: File 'VtuneApi.dll' does not exist
LogWindows: Failed to load 'VtuneApi32e.dll' (GetLastError=126)
LogWindows: File 'VtuneApi32e.dll' does not exist
LogConsoleResponse: Display: Failed to find resolution value strings in scalability ini. Falling back to default.
LogInit: Display: Running engine for game: Detective
LogPlatformFile: Not using cached read wrapper
LogTaskGraph: Started task graph with 5 named threads and 23 total threads with 3 sets of task threads.
LogStats: Stats thread started at 0.173326
LogD3D11RHI: Loaded GFSDK_Aftermath_Lib.x64.dll
LogICUInternationalization: ICU TimeZone Detection - Raw Offset: +1:00, Platform Override: ''
LogPluginManager: Mounting plugin Paper2D
LogPluginManager: Mounting plugin AISupport
LogPluginManager: Mounting plugin LightPropagationVolume
LogPluginManager: Mounting plugin ActorLayerUtilities
LogPluginManager: Mounting plugin AnimationSharing
LogPluginManager: Mounting plugin CLionSourceCodeAccess
LogPluginManager: Mounting plugin CodeLiteSourceCodeAccess
LogPluginManager: Mounting plugin GitSourceControl
LogPluginManager: Mounting plugin KDevelopSourceCodeAccess
LogPluginManager: Mounting plugin NullSourceCodeAccess
LogPluginManager: Mounting plugin PerforceSourceControl
LogPluginManager: Mounting plugin PlasticSourceControl
LogPluginManager: Mounting plugin SubversionSourceControl
LogPluginManager: Mounting plugin UObjectPlugin
LogPluginManager: Mounting plugin VisualStudioCodeSourceCodeAccess
LogPluginManager: Mounting plugin VisualStudioSourceCodeAccess
LogPluginManager: Mounting plugin XCodeSourceCodeAccess
LogPluginManager: Mounting plugin AssetManagerEditor
LogPluginManager: Mounting plugin CryptoKeys
LogPluginManager: Mounting plugin CurveEditorTools
LogPluginManager: Mounting plugin DataValidation
LogPluginManager: Mounting plugin FacialAnimation
LogPluginManager: Mounting plugin GameplayTagsEditor
LogPluginManager: Mounting plugin MacGraphicsSwitching
LogPluginManager: Mounting plugin MaterialAnalyzer
LogPluginManager: Mounting plugin MobileLauncherProfileWizard
LogPluginManager: Mounting plugin PluginBrowser
LogPluginManager: Mounting plugin SpeedTreeImporter
LogPluginManager: Mounting plugin DatasmithContent
LogPluginManager: Mounting plugin VariantManagerContent
LogPluginManager: Mounting plugin AlembicImporter
LogPluginManager: Mounting plugin AutomationUtils
LogPluginManager: Mounting plugin BackChannel
LogPluginManager: Mounting plugin CharacterAI
LogPluginManager: Mounting plugin GeometryCache
LogPluginManager: Mounting plugin PlatformCrypto
LogPluginManager: Mounting plugin ProxyLODPlugin
LogPluginManager: Mounting plugin SkeletalReduction
LogPluginManager: Mounting plugin MagicLeap
LogPluginManager: Mounting plugin MagicLeapMedia
LogPluginManager: Mounting plugin MLSDK
LogPluginManager: Mounting plugin AndroidMedia
LogPluginManager: Mounting plugin AvfMedia
LogPluginManager: Mounting plugin ImgMedia
LogPluginManager: Mounting plugin MediaCompositing
LogPluginManager: Mounting plugin MediaPlayerEditor
LogPluginManager: Mounting plugin WebMMedia
LogPluginManager: Mounting plugin WmfMedia
LogPluginManager: Mounting plugin TcpMessaging
LogPluginManager: Mounting plugin UdpMessaging
LogPluginManager: Mounting plugin ActorSequence
LogPluginManager: Mounting plugin LevelSequenceEditor
LogPluginManager: Mounting plugin MatineeToLevelSequence
LogPluginManager: Mounting plugin NetcodeUnitTest
LogPluginManager: Mounting plugin NUTUnrealEngine4
LogPluginManager: Mounting plugin OnlineSubsystemGooglePlay
LogPluginManager: Mounting plugin OnlineSubsystemIOS
LogPluginManager: Mounting plugin OnlineSubsystem
LogPluginManager: Mounting plugin OnlineSubsystemNull
LogPluginManager: Mounting plugin OnlineSubsystemUtils
LogPluginManager: Mounting plugin LauncherChunkInstaller
LogPluginManager: Mounting plugin AndroidDeviceProfileSelector
LogPluginManager: Mounting plugin AndroidMoviePlayer
LogPluginManager: Mounting plugin AndroidPermission
LogPluginManager: Mounting plugin AppleImageUtils
LogPluginManager: Mounting plugin AppleMoviePlayer
LogPluginManager: Mounting plugin ArchVisCharacter
LogPluginManager: Mounting plugin AssetTags
LogPluginManager: Mounting plugin AudioCapture
LogPluginManager: Mounting plugin CableComponent
LogPluginManager: Mounting plugin CustomMeshComponent
LogPluginManager: Mounting plugin EditableMesh
LogPluginManager: Mounting plugin ExampleDeviceProfileSelector
LogPluginManager: Mounting plugin GoogleCloudMessaging
LogPluginManager: Mounting plugin IOSDeviceProfileSelector
LogPluginManager: Mounting plugin LinuxDeviceProfileSelector
LogPluginManager: Mounting plugin LocationServicesBPLibrary
LogPluginManager: Mounting plugin MobilePatchingUtils
LogPluginManager: Mounting plugin OculusVR
LogPluginManager: Mounting plugin PhysXVehicles
LogPluginManager: Mounting plugin PostSplashScreen
LogPluginManager: Mounting plugin ProceduralMeshComponent
LogPluginManager: Mounting plugin RuntimePhysXCooking
LogPluginManager: Mounting plugin SignificanceManager
LogPluginManager: Mounting plugin SteamVR
LogPluginManager: Mounting plugin WebMMoviePlayer
LogPluginManager: Mounting plugin WindowsMoviePlayer
LogPluginManager: Mounting plugin ScreenshotTools
LogInit: Using libcurl 7.55.1-DEV
LogInit:  - built for x86_64-pc-win32
LogInit:  - supports SSL with OpenSSL/1.1.1
LogInit:  - supports HTTP deflate (compression) using libz 1.2.8
LogInit:  - other features:
LogInit:      CURL_VERSION_SSL
LogInit:      CURL_VERSION_LIBZ
LogInit:      CURL_VERSION_IPV6
LogInit:      CURL_VERSION_ASYNCHDNS
LogInit:      CURL_VERSION_LARGEFILE
LogInit:      CURL_VERSION_IDN
LogInit:  CurlRequestOptions (configurable via config and command line):
LogInit:  - bVerifyPeer = true  - Libcurl will verify peer certificate
LogInit:  - bUseHttpProxy = false  - Libcurl will NOT use HTTP proxy
LogInit:  - bDontReuseConnections = false  - Libcurl will reuse connections
LogInit:  - MaxHostConnections = 16  - Libcurl will limit the number of connections to a host
LogInit:  - LocalHostAddr = Default
LogInit:  - BufferSize = 65536
LogOnline: OSS: Creating online subsystem instance for: NULL
LogInit: WinSock: version 1.1 (2.2), MaxSocks=32767, MaxUdp=65467
LogOnline: OSS: TryLoadSubsystemAndSetDefault: Loaded subsystem for module [NULL]
LogInit: Build: ++UE4+Release-4.24-CL-11590370
LogInit: Engine Version: 4.24.3-11590370+++UE4+Release-4.24
LogInit: Compatible Engine Version: 4.24.0-10570792+++UE4+Release-4.24
LogInit: Net CL: 10570792
LogInit: OS: Windows 10 (Release 1909) (), CPU: Intel(R) Core(TM) i5-8250U CPU @ 1.60GHz, GPU: Intel(R) UHD Graphics 620
LogInit: Compiled (64-bit): Feb 24 2020 15:39:18
LogInit: Compiled with Visual C++: 19.16.27032.01
LogInit: Build Configuration: Development
LogInit: Branch Name: ++UE4+Release-4.24
LogInit: Command Line: 
LogInit: Base Directory: C:/Program Files/Epic Games/UE_4.24/Engine/Binaries/Win64/
LogInit: Installed Engine Build: 1
LogDevObjectVersion: Number of dev versions registered: 25
LogDevObjectVersion:   Dev-Blueprints (B0D832E4-1F89-4F0D-ACCF-7EB736FD4AA2): 10
LogDevObjectVersion:   Dev-Build (E1C64328-A22C-4D53-A36C-8E866417BD8C): 0
LogDevObjectVersion:   Dev-Core (375EC13C-06E4-48FB-B500-84F0262A717E): 3
LogDevObjectVersion:   Dev-Editor (E4B068ED-F494-42E9-A231-DA0B2E46BB41): 37
LogDevObjectVersion:   Dev-Framework (CFFC743F-43B0-4480-9391-14DF171D2073): 36
LogDevObjectVersion:   Dev-Mobile (B02B49B5-BB20-44E9-A304-32B752E40360): 2
LogDevObjectVersion:   Dev-Networking (A4E4105C-59A1-49B5-A7C5-40C4547EDFEE): 0
LogDevObjectVersion:   Dev-Online (39C831C9-5AE6-47DC-9A44-9C173E1C8E7C): 0
LogDevObjectVersion:   Dev-Physics (78F01B33-EBEA-4F98-B9B4-84EACCB95AA2): 2
LogDevObjectVersion:   Dev-Platform (6631380F-2D4D-43E0-8009-CF276956A95A): 0
LogDevObjectVersion:   Dev-Rendering (12F88B9F-8875-4AFC-A67C-D90C383ABD29): 36
LogDevObjectVersion:   Dev-Sequencer (7B5AE74C-D270-4C10-A958-57980B212A5A): 11
LogDevObjectVersion:   Dev-VR (D7296918-1DD6-4BDD-9DE2-64A83CC13884): 2
LogDevObjectVersion:   Dev-LoadTimes (C2A15278-BFE7-4AFE-6C17-90FF531DF755): 1
LogDevObjectVersion:   Private-Geometry (6EACA3D4-40EC-4CC1-B786-8BED09428FC5): 3
LogDevObjectVersion:   Dev-AnimPhys (29E575DD-E0A3-4627-9D10-D276232CDCEA): 17
LogDevObjectVersion:   Dev-Anim (AF43A65D-7FD3-4947-9873-3E8ED9C1BB05): 2
LogDevObjectVersion:   Dev-ReflectionCapture (6B266CEC-1EC7-4B8F-A30B-E4D90942FC07): 1
LogDevObjectVersion:   Dev-Automation (0DF73D61-A23F-47EA-B727-89E90C41499A): 1
LogDevObjectVersion:   FortniteMain (601D1886-AC64-4F84-AA16-D3DE0DEAC7D6): 31
LogDevObjectVersion:   Dev-Enterprise (9DFFBCD6-494F-0158-E221-12823C92A888): 8
LogDevObjectVersion:   Dev-Niagara (F2AED0AC-9AFE-416F-8664-AA7FFA26D6FC): 1
LogDevObjectVersion:   Dev-Destruction (174F1F0B-B4C6-45A5-B13F-2EE8D0FB917D): 9
LogDevObjectVersion:   Dev-Physics-Ext (35F94A83-E258-406C-A318-09F59610247C): 8
LogDevObjectVersion:   Dev-CineCamera (B2E18506-4273-CFC2-A54E-F4BB758BBA07): 1
LogInit: Presizing for max 25165824 objects, including 0 objects not considered by GC, pre-allocating 0 bytes for permanent pool.
LogInit: Object subsystem initialized
LogConfig: Setting CVar [[con.DebugEarlyDefault:1]]
LogConfig: Setting CVar [[r.setres:1280x720]]
[2020.07.17-14.14.12:111][  0]LogConfig: Setting CVar [[r.VSync:0]]
[2020.07.17-14.14.12:111][  0]LogConfig: Setting CVar [[r.RHICmdBypass:0]]
[2020.07.17-14.14.12:111][  0]LogConfig: Applying CVar settings from Section [/Script/Engine.RendererSettings] File [C:/Users/Lenovo/Documents/Unreal Projects/ProjetDetectiveUnreal/Detective/Saved/Config/Windows/Engine.ini]
[2020.07.17-14.14.12:111][  0]LogConfig: Setting CVar [[r.GPUCrashDebugging:0]]
[2020.07.17-14.14.12:111][  0]LogConfig: Applying CVar settings from Section [/Script/Engine.RendererOverrideSettings] File [C:/Users/Lenovo/Documents/Unreal Projects/ProjetDetectiveUnreal/Detective/Saved/Config/Windows/Engine.ini]
[2020.07.17-14.14.12:111][  0]LogConfig: Applying CVar settings from Section [/Script/Engine.StreamingSettings] File [C:/Users/Lenovo/Documents/Unreal Projects/ProjetDetectiveUnreal/Detective/Saved/Config/Windows/Engine.ini]
[2020.07.17-14.14.12:111][  0]LogConfig: Setting CVar [[s.MinBulkDataSizeForAsyncLoading:131072]]
[2020.07.17-14.14.12:111][  0]LogConfig: Setting CVar [[s.AsyncLoadingThreadEnabled:0]]
[2020.07.17-14.14.12:111][  0]LogConfig: Setting CVar [[s.EventDrivenLoaderEnabled:1]]
[2020.07.17-14.14.12:111][  0]LogConfig: Setting CVar [[s.WarnIfTimeLimitExceeded:0]]
[2020.07.17-14.14.12:111][  0]LogConfig: Setting CVar [[s.TimeLimitExceededMultiplier:1.5]]
[2020.07.17-14.14.12:111][  0]LogConfig: Setting CVar [[s.TimeLimitExceededMinTime:0.005]]
[2020.07.17-14.14.12:111][  0]LogConfig: Setting CVar [[s.UseBackgroundLevelStreaming:1]]
[2020.07.17-14.14.12:111][  0]LogConfig: Setting CVar [[s.PriorityAsyncLoadingExtraTime:15.0]]
[2020.07.17-14.14.12:111][  0]LogConfig: Setting CVar [[s.LevelStreamingActorsUpdateTimeLimit:5.0]]
[2020.07.17-14.14.12:111][  0]LogConfig: Setting CVar [[s.PriorityLevelStreamingActorsUpdateExtraTime:5.0]]
[2020.07.17-14.14.12:111][  0]LogConfig: Setting CVar [[s.LevelStreamingComponentsRegistrationGranularity:10]]
[2020.07.17-14.14.12:112][  0]LogConfig: Setting CVar [[s.UnregisterComponentsTimeLimit:1.0]]
[2020.07.17-14.14.12:112][  0]LogConfig: Setting CVar [[s.LevelStreamingComponentsUnregistrationGranularity:5]]
[2020.07.17-14.14.12:112][  0]LogConfig: Setting CVar [[s.FlushStreamingOnExit:1]]
[2020.07.17-14.14.12:112][  0]LogConfig: Applying CVar settings from Section [/Script/Engine.GarbageCollectionSettings] File [C:/Users/Lenovo/Documents/Unreal Projects/ProjetDetectiveUnreal/Detective/Saved/Config/Windows/Engine.ini]
[2020.07.17-14.14.12:112][  0]LogConfig: Setting CVar [[gc.MaxObjectsNotConsideredByGC:1]]
[2020.07.17-14.14.12:112][  0]LogConfig: Setting CVar [[gc.SizeOfPermanentObjectPool:0]]
[2020.07.17-14.14.12:112][  0]LogConfig: Setting CVar [[gc.FlushStreamingOnGC:0]]
[2020.07.17-14.14.12:112][  0]LogConfig: Setting CVar [[gc.NumRetriesBeforeForcingGC:10]]
[2020.07.17-14.14.12:112][  0]LogConfig: Setting CVar [[gc.AllowParallelGC:1]]
[2020.07.17-14.14.12:112][  0]LogConfig: Setting CVar [[gc.TimeBetweenPurgingPendingKillObjects:61.1]]
[2020.07.17-14.14.12:112][  0]LogConfig: Setting CVar [[gc.MaxObjectsInEditor:25165824]]
[2020.07.17-14.14.12:112][  0]LogConfig: Setting CVar [[gc.IncrementalBeginDestroyEnabled:1]]
[2020.07.17-14.14.12:112][  0]LogConfig: Setting CVar [[gc.CreateGCClusters:1]]
[2020.07.17-14.14.12:112][  0]LogConfig: Setting CVar [[gc.MinGCClusterSize:5]]
[2020.07.17-14.14.12:112][  0]LogConfig: Setting CVar [[gc.ActorClusteringEnabled:0]]
[2020.07.17-14.14.12:112][  0]LogConfig: Setting CVar [[gc.BlueprintClusteringEnabled:0]]
[2020.07.17-14.14.12:112][  0]LogConfig: Setting CVar [[gc.UseDisregardForGCOnDedicatedServers:0]]
[2020.07.17-14.14.12:112][  0]LogConfig: Applying CVar settings from Section [/Script/Engine.NetworkSettings] File [C:/Users/Lenovo/Documents/Unreal Projects/ProjetDetectiveUnreal/Detective/Saved/Config/Windows/Engine.ini]
[2020.07.17-14.14.12:112][  0]LogConfig: Applying CVar settings from Section [/Script/UnrealEd.CookerSettings] File [C:/Users/Lenovo/Documents/Unreal Projects/ProjetDetectiveUnreal/Detective/Saved/Config/Windows/Engine.ini]
[2020.07.17-14.14.12:119][  0]LogConfig: Applying CVar settings from Section [ViewDistanceQuality@3] File [C:/Users/Lenovo/Documents/Unreal Projects/ProjetDetectiveUnreal/Detective/Saved/Config/Windows/Scalability.ini]
[2020.07.17-14.14.12:119][  0]LogConfig: Setting CVar [[r.SkeletalMeshLODBias:0]]
[2020.07.17-14.14.12:119][  0]LogConfig: Setting CVar [[r.ViewDistanceScale:1.0]]
[2020.07.17-14.14.12:119][  0]LogConfig: Applying CVar settings from Section [AntiAliasingQuality@3] File [C:/Users/Lenovo/Documents/Unreal Projects/ProjetDetectiveUnreal/Detective/Saved/Config/Windows/Scalability.ini]
[2020.07.17-14.14.12:119][  0]LogConfig: Setting CVar [[r.PostProcessAAQuality:4]]
[2020.07.17-14.14.12:119][  0]LogConfig: Applying CVar settings from Section [ShadowQuality@3] File [C:/Users/Lenovo/Documents/Unreal Projects/ProjetDetectiveUnreal/Detective/Saved/Config/Windows/Scalability.ini]
[2020.07.17-14.14.12:119][  0]LogConfig: Setting CVar [[r.LightFunctionQuality:1]]
[2020.07.17-14.14.12:119][  0]LogConfig: Setting CVar [[r.ShadowQuality:5]]
[2020.07.17-14.14.12:119][  0]LogConfig: Setting CVar [[r.Shadow.CSM.MaxCascades:10]]
[2020.07.17-14.14.12:119][  0]LogConfig: Setting CVar [[r.Shadow.MaxResolution:2048]]
[2020.07.17-14.14.12:119][  0]LogConfig: Setting CVar [[r.Shadow.MaxCSMResolution:2048]]
[2020.07.17-14.14.12:119][  0]LogConfig: Setting CVar [[r.Shadow.RadiusThreshold:0.01]]
[2020.07.17-14.14.12:119][  0]LogConfig: Setting CVar [[r.Shadow.DistanceScale:1.0]]
[2020.07.17-14.14.12:120][  0]LogConfig: Setting CVar [[r.Shadow.CSM.TransitionScale:1.0]]
[2020.07.17-14.14.12:120][  0]LogConfig: Setting CVar [[r.Shadow.PreShadowResolutionFactor:1.0]]
[2020.07.17-14.14.12:120][  0]LogConfig: Setting CVar [[r.DistanceFieldShadowing:1]]
[2020.07.17-14.14.12:120][  0]LogConfig: Setting CVar [[r.DistanceFieldAO:1]]
[2020.07.17-14.14.12:120][  0]LogConfig: Setting CVar [[r.AOQuality:2]]
[2020.07.17-14.14.12:120][  0]LogConfig: Setting CVar [[r.VolumetricFog:1]]
[2020.07.17-14.14.12:120][  0]LogConfig: Setting CVar [[r.VolumetricFog.GridPixelSize:8]]
[2020.07.17-14.14.12:120][  0]LogConfig: Setting CVar [[r.VolumetricFog.GridSizeZ:128]]
[2020.07.17-14.14.12:120][  0]LogConfig: Setting CVar [[r.VolumetricFog.HistoryMissSupersampleCount:4]]
[2020.07.17-14.14.12:120][  0]LogConfig: Setting CVar [[r.LightMaxDrawDistanceScale:1]]
[2020.07.17-14.14.12:120][  0]LogConfig: Setting CVar [[r.CapsuleShadows:1]]
[2020.07.17-14.14.12:120][  0]LogConfig: Applying CVar settings from Section [PostProcessQuality@3] File [C:/Users/Lenovo/Documents/Unreal Projects/ProjetDetectiveUnreal/Detective/Saved/Config/Windows/Scalability.ini]
[2020.07.17-14.14.12:120][  0]LogConfig: Setting CVar [[r.MotionBlurQuality:4]]
[2020.07.17-14.14.12:120][  0]LogConfig: Setting CVar [[r.AmbientOcclusionMipLevelFactor:0.4]]
[2020.07.17-14.14.12:120][  0]LogConfig: Setting CVar [[r.AmbientOcclusionMaxQuality:100]]
[2020.07.17-14.14.12:120][  0]LogConfig: Setting CVar [[r.AmbientOcclusionLevels:-1]]
[2020.07.17-14.14.12:120][  0]LogConfig: Setting CVar [[r.AmbientOcclusionRadiusScale:1.0]]
[2020.07.17-14.14.12:120][  0]LogConfig: Setting CVar [[r.DepthOfFieldQuality:2]]
[2020.07.17-14.14.12:120][  0]LogConfig: Setting CVar [[r.RenderTargetPoolMin:400]]
[2020.07.17-14.14.12:120][  0]LogConfig: Setting CVar [[r.LensFlareQuality:2]]
[2020.07.17-14.14.12:120][  0]LogConfig: Setting CVar [[r.SceneColorFringeQuality:1]]
[2020.07.17-14.14.12:120][  0]LogConfig: Setting CVar [[r.EyeAdaptationQuality:2]]
[2020.07.17-14.14.12:120][  0]LogConfig: Setting CVar [[r.BloomQuality:5]]
[2020.07.17-14.14.12:120][  0]LogConfig: Setting CVar [[r.FastBlurThreshold:100]]
[2020.07.17-14.14.12:120][  0]LogConfig: Setting CVar [[r.Upscale.Quality:3]]
[2020.07.17-14.14.12:120][  0]LogConfig: Setting CVar [[r.Tonemapper.GrainQuantization:1]]
[2020.07.17-14.14.12:120][  0]LogConfig: Setting CVar [[r.LightShaftQuality:1]]
[2020.07.17-14.14.12:120][  0]LogConfig: Setting CVar [[r.Filter.SizeScale:1]]
[2020.07.17-14.14.12:120][  0]LogConfig: Setting CVar [[r.Tonemapper.Quality:5]]
[2020.07.17-14.14.12:120][  0]LogConfig: Setting CVar [[r.DOF.Gather.AccumulatorQuality:1        ; higher gathering accumulator quality]]
[2020.07.17-14.14.12:120][  0]LogConfig: Setting CVar [[r.DOF.Gather.PostfilterMethod:1          ; Median3x3 postfilering method]]
[2020.07.17-14.14.12:120][  0]LogConfig: Setting CVar [[r.DOF.Gather.EnableBokehSettings:0       ; no bokeh simulation when gathering]]
[2020.07.17-14.14.12:120][  0]LogConfig: Setting CVar [[r.DOF.Gather.RingCount:4                 ; medium number of samples when gathering]]
[2020.07.17-14.14.12:121][  0]LogConfig: Setting CVar [[r.DOF.Scatter.ForegroundCompositing:1    ; additive foreground scattering]]
[2020.07.17-14.14.12:121][  0]LogConfig: Setting CVar [[r.DOF.Scatter.BackgroundCompositing:2    ; additive background scattering]]
[2020.07.17-14.14.12:121][  0]LogConfig: Setting CVar [[r.DOF.Scatter.EnableBokehSettings:1      ; bokeh simulation when scattering]]
[2020.07.17-14.14.12:121][  0]LogConfig: Setting CVar [[r.DOF.Scatter.MaxSpriteRatio:0.1         ; only a maximum of 10% of scattered bokeh]]
[2020.07.17-14.14.12:121][  0]LogConfig: Setting CVar [[r.DOF.Recombine.Quality:1                ; cheap slight out of focus]]
[2020.07.17-14.14.12:121][  0]LogConfig: Setting CVar [[r.DOF.Recombine.EnableBokehSettings:0    ; no bokeh simulation on slight out of focus]]
[2020.07.17-14.14.12:121][  0]LogConfig: Setting CVar [[r.DOF.TemporalAAQuality:1                ; more stable temporal accumulation]]
[2020.07.17-14.14.12:121][  0]LogConfig: Setting CVar [[r.DOF.Kernel.MaxForegroundRadius:0.025]]
[2020.07.17-14.14.12:121][  0]LogConfig: Setting CVar [[r.DOF.Kernel.MaxBackgroundRadius:0.025]]
[2020.07.17-14.14.12:121][  0]LogConfig: Applying CVar settings from Section [TextureQuality@3] File [C:/Users/Lenovo/Documents/Unreal Projects/ProjetDetectiveUnreal/Detective/Saved/Config/Windows/Scalability.ini]
[2020.07.17-14.14.12:121][  0]LogConfig: Setting CVar [[r.Streaming.MipBias:0]]
[2020.07.17-14.14.12:121][  0]LogConfig: Setting CVar [[r.Streaming.AmortizeCPUToGPUCopy:0]]
[2020.07.17-14.14.12:121][  0]LogConfig: Setting CVar [[r.Streaming.MaxNumTexturesToStreamPerFrame:0]]
[2020.07.17-14.14.12:121][  0]LogConfig: Setting CVar [[r.Streaming.Boost:1]]
[2020.07.17-14.14.12:121][  0]LogConfig: Setting CVar [[r.MaxAnisotropy:8]]
[2020.07.17-14.14.12:121][  0]LogConfig: Setting CVar [[r.VT.MaxAnisotropy:8]]
[2020.07.17-14.14.12:121][  0]LogConfig: Setting CVar [[r.Streaming.LimitPoolSizeToVRAM:0]]
[2020.07.17-14.14.12:121][  0]LogConfig: Setting CVar [[r.Streaming.PoolSize:1000]]
[2020.07.17-14.14.12:121][  0]LogConfig: Setting CVar [[r.Streaming.MaxEffectiveScreenSize:0]]
[2020.07.17-14.14.12:121][  0]LogConfig: Applying CVar settings from Section [EffectsQuality@3] File [C:/Users/Lenovo/Documents/Unreal Projects/ProjetDetectiveUnreal/Detective/Saved/Config/Windows/Scalability.ini]
[2020.07.17-14.14.12:121][  0]LogConfig: Setting CVar [[r.TranslucencyLightingVolumeDim:64]]
[2020.07.17-14.14.12:121][  0]LogConfig: Setting CVar [[r.RefractionQuality:2]]
[2020.07.17-14.14.12:121][  0]LogConfig: Setting CVar [[r.SSR.Quality:3]]
[2020.07.17-14.14.12:121][  0]LogConfig: Setting CVar [[r.SSR.HalfResSceneColor:0]]
[2020.07.17-14.14.12:121][  0]LogConfig: Setting CVar [[r.SceneColorFormat:4]]
[2020.07.17-14.14.12:121][  0]LogConfig: Setting CVar [[r.DetailMode:2]]
[2020.07.17-14.14.12:121][  0]LogConfig: Setting CVar [[r.TranslucencyVolumeBlur:1]]
[2020.07.17-14.14.12:121][  0]LogConfig: Setting CVar [[r.MaterialQualityLevel:1 ; High quality]]
[2020.07.17-14.14.12:121][  0]LogConfig: Setting CVar [[r.SSS.Scale:1]]
[2020.07.17-14.14.12:121][  0]LogConfig: Setting CVar [[r.SSS.SampleSet:2]]
[2020.07.17-14.14.12:121][  0]LogConfig: Setting CVar [[r.SSS.Quality:1]]
[2020.07.17-14.14.12:121][  0]LogConfig: Setting CVar [[r.SSS.HalfRes:1]]
[2020.07.17-14.14.12:122][  0]LogConfig: Setting CVar [[r.SSGI.Quality:3]]
[2020.07.17-14.14.12:122][  0]LogConfig: Setting CVar [[r.EmitterSpawnRateScale:1.0]]
[2020.07.17-14.14.12:122][  0]LogConfig: Setting CVar [[r.ParticleLightQuality:2]]
[2020.07.17-14.14.12:122][  0]LogConfig: Setting CVar [[r.SkyAtmosphere.AerialPerspectiveLUT.FastApplyOnOpaque:1 ; Always have FastSkyLUT 1 in this case to avoid wrong sky]]
[2020.07.17-14.14.12:122][  0]LogConfig: Setting CVar [[r.SkyAtmosphere.AerialPerspectiveLUT.SampleCountPerSlice:1]]
[2020.07.17-14.14.12:122][  0]LogConfig: Setting CVar [[r.SkyAtmosphere.AerialPerspectiveLUT.DepthResolution:16.0]]
[2020.07.17-14.14.12:122][  0]LogConfig: Setting CVar [[r.SkyAtmosphere.FastSkyLUT:1]]
[2020.07.17-14.14.12:122][  0]LogConfig: Setting CVar [[r.SkyAtmosphere.FastSkyLUT.SampleCountMin:4.0]]
[2020.07.17-14.14.12:122][  0]LogConfig: Setting CVar [[r.SkyAtmosphere.FastSkyLUT.SampleCountMax:32.0]]
[2020.07.17-14.14.12:122][  0]LogConfig: Setting CVar [[r.SkyAtmosphere.SampleCountMin:4.0]]
[2020.07.17-14.14.12:122][  0]LogConfig: Setting CVar [[r.SkyAtmosphere.SampleCountMax:32.0]]
[2020.07.17-14.14.12:122][  0]LogConfig: Setting CVar [[r.SkyAtmosphere.TransmittanceLUT.UseSmallFormat:0]]
[2020.07.17-14.14.12:122][  0]LogConfig: Setting CVar [[r.SkyAtmosphere.TransmittanceLUT.SampleCount:10.0]]
[2020.07.17-14.14.12:122][  0]LogConfig: Setting CVar [[r.SkyAtmosphere.MultiScatteringLUT.SampleCount:15.0]]
[2020.07.17-14.14.12:122][  0]LogConfig: Applying CVar settings from Section [FoliageQuality@3] File [C:/Users/Lenovo/Documents/Unreal Projects/ProjetDetectiveUnreal/Detective/Saved/Config/Windows/Scalability.ini]
[2020.07.17-14.14.12:122][  0]LogConfig: Setting CVar [[foliage.DensityScale:1.0]]
[2020.07.17-14.14.12:123][  0]LogConfig: Setting CVar [[grass.DensityScale:1.0]]
[2020.07.17-14.14.12:123][  0]LogConfig: Applying CVar settings from Section [ShadingQuality@3] File [C:/Users/Lenovo/Documents/Unreal Projects/ProjetDetectiveUnreal/Detective/Saved/Config/Windows/Scalability.ini]
[2020.07.17-14.14.12:123][  0]LogConfig: Setting CVar [[r.HairStrands.SkyLighting.SampleCount:16]]
[2020.07.17-14.14.12:123][  0]LogConfig: Setting CVar [[r.HairStrands.SkyLighting.JitterIntegration:0]]
[2020.07.17-14.14.12:123][  0]LogConfig: Setting CVar [[r.HairStrands.SkyAO.SampleCount:16]]
[2020.07.17-14.14.12:123][  0]LogInit: Selected Device Profile: [Windows]
[2020.07.17-14.14.12:123][  0]LogInit: Applying CVar settings loaded from the selected device profile: [Windows]
[2020.07.17-14.14.12:136][  0]LogHAL: Display: Platform has ~ 8 GB [8494747648 / 8589934592 / 8], which maps to Default [LargestMinGB=32, LargerMinGB=12, DefaultMinGB=8, SmallerMinGB=6, SmallestMinGB=0)
[2020.07.17-14.14.12:136][  0]LogInit: Going up to parent DeviceProfile []
[2020.07.17-14.14.12:136][  0]LogConfig: Applying CVar settings from Section [ViewDistanceQuality@3] File [C:/Users/Lenovo/Documents/Unreal Projects/ProjetDetectiveUnreal/Detective/Saved/Config/Windows/Scalability.ini]
[2020.07.17-14.14.12:136][  0]LogConfig: Setting CVar [[r.SkeletalMeshLODBias:0]]
[2020.07.17-14.14.12:136][  0]LogConfig: Setting CVar [[r.ViewDistanceScale:1.0]]
[2020.07.17-14.14.12:137][  0]LogConfig: Applying CVar settings from Section [AntiAliasingQuality@3] File [C:/Users/Lenovo/Documents/Unreal Projects/ProjetDetectiveUnreal/Detective/Saved/Config/Windows/Scalability.ini]
[2020.07.17-14.14.12:137][  0]LogConfig: Setting CVar [[r.PostProcessAAQuality:4]]
[2020.07.17-14.14.12:137][  0]LogConfig: Applying CVar settings from Section [ShadowQuality@3] File [C:/Users/Lenovo/Documents/Unreal Projects/ProjetDetectiveUnreal/Detective/Saved/Config/Windows/Scalability.ini]
[2020.07.17-14.14.12:137][  0]LogConfig: Setting CVar [[r.LightFunctionQuality:1]]
[2020.07.17-14.14.12:137][  0]LogConfig: Setting CVar [[r.ShadowQuality:5]]
[2020.07.17-14.14.12:137][  0]LogConfig: Setting CVar [[r.Shadow.CSM.MaxCascades:10]]
[2020.07.17-14.14.12:137][  0]LogConfig: Setting CVar [[r.Shadow.MaxResolution:2048]]
[2020.07.17-14.14.12:137][  0]LogConfig: Setting CVar [[r.Shadow.MaxCSMResolution:2048]]
[2020.07.17-14.14.12:137][  0]LogConfig: Setting CVar [[r.Shadow.RadiusThreshold:0.01]]
[2020.07.17-14.14.12:137][  0]LogConfig: Setting CVar [[r.Shadow.DistanceScale:1.0]]
[2020.07.17-14.14.12:137][  0]LogConfig: Setting CVar [[r.Shadow.CSM.TransitionScale:1.0]]
[2020.07.17-14.14.12:137][  0]LogConfig: Setting CVar [[r.Shadow.PreShadowResolutionFactor:1.0]]
[2020.07.17-14.14.12:137][  0]LogConfig: Setting CVar [[r.DistanceFieldShadowing:1]]
[2020.07.17-14.14.12:137][  0]LogConfig: Setting CVar [[r.DistanceFieldAO:1]]
[2020.07.17-14.14.12:137][  0]LogConfig: Setting CVar [[r.AOQuality:2]]
[2020.07.17-14.14.12:137][  0]LogConfig: Setting CVar [[r.VolumetricFog:1]]
[2020.07.17-14.14.12:137][  0]LogConfig: Setting CVar [[r.VolumetricFog.GridPixelSize:8]]
[2020.07.17-14.14.12:137][  0]LogConfig: Setting CVar [[r.VolumetricFog.GridSizeZ:128]]
[2020.07.17-14.14.12:137][  0]LogConfig: Setting CVar [[r.VolumetricFog.HistoryMissSupersampleCount:4]]
[2020.07.17-14.14.12:137][  0]LogConfig: Setting CVar [[r.LightMaxDrawDistanceScale:1]]
[2020.07.17-14.14.12:137][  0]LogConfig: Setting CVar [[r.CapsuleShadows:1]]
[2020.07.17-14.14.12:137][  0]LogConfig: Applying CVar settings from Section [PostProcessQuality@3] File [C:/Users/Lenovo/Documents/Unreal Projects/ProjetDetectiveUnreal/Detective/Saved/Config/Windows/Scalability.ini]
[2020.07.17-14.14.12:138][  0]LogConfig: Setting CVar [[r.MotionBlurQuality:4]]
[2020.07.17-14.14.12:138][  0]LogConfig: Setting CVar [[r.AmbientOcclusionMipLevelFactor:0.4]]
[2020.07.17-14.14.12:138][  0]LogConfig: Setting CVar [[r.AmbientOcclusionMaxQuality:100]]
[2020.07.17-14.14.12:138][  0]LogConfig: Setting CVar [[r.AmbientOcclusionLevels:-1]]
[2020.07.17-14.14.12:138][  0]LogConfig: Setting CVar [[r.AmbientOcclusionRadiusScale:1.0]]
[2020.07.17-14.14.12:138][  0]LogConfig: Setting CVar [[r.DepthOfFieldQuality:2]]
[2020.07.17-14.14.12:138][  0]LogConfig: Setting CVar [[r.RenderTargetPoolMin:400]]
[2020.07.17-14.14.12:138][  0]LogConfig: Setting CVar [[r.LensFlareQuality:2]]
[2020.07.17-14.14.12:138][  0]LogConfig: Setting CVar [[r.SceneColorFringeQuality:1]]
[2020.07.17-14.14.12:138][  0]LogConfig: Setting CVar [[r.EyeAdaptationQuality:2]]
[2020.07.17-14.14.12:138][  0]LogConfig: Setting CVar [[r.BloomQuality:5]]
[2020.07.17-14.14.12:138][  0]LogConfig: Setting CVar [[r.FastBlurThreshold:100]]
[2020.07.17-14.14.12:138][  0]LogConfig: Setting CVar [[r.Upscale.Quality:3]]
[2020.07.17-14.14.12:138][  0]LogConfig: Setting CVar [[r.Tonemapper.GrainQuantization:1]]
[2020.07.17-14.14.12:138][  0]LogConfig: Setting CVar [[r.LightShaftQuality:1]]
[2020.07.17-14.14.12:138][  0]LogConfig: Setting CVar [[r.Filter.SizeScale:1]]
[2020.07.17-14.14.12:139][  0]LogConfig: Setting CVar [[r.Tonemapper.Quality:5]]
[2020.07.17-14.14.12:139][  0]LogConfig: Setting CVar [[r.DOF.Gather.AccumulatorQuality:1        ; higher gathering accumulator quality]]
[2020.07.17-14.14.12:139][  0]LogConfig: Setting CVar [[r.DOF.Gather.PostfilterMethod:1          ; Median3x3 postfilering method]]
[2020.07.17-14.14.12:139][  0]LogConfig: Setting CVar [[r.DOF.Gather.EnableBokehSettings:0       ; no bokeh simulation when gathering]]
[2020.07.17-14.14.12:139][  0]LogConfig: Setting CVar [[r.DOF.Gather.RingCount:4                 ; medium number of samples when gathering]]
[2020.07.17-14.14.12:139][  0]LogConfig: Setting CVar [[r.DOF.Scatter.ForegroundCompositing:1    ; additive foreground scattering]]
[2020.07.17-14.14.12:139][  0]LogConfig: Setting CVar [[r.DOF.Scatter.BackgroundCompositing:2    ; additive background scattering]]
[2020.07.17-14.14.12:139][  0]LogConfig: Setting CVar [[r.DOF.Scatter.EnableBokehSettings:1      ; bokeh simulation when scattering]]
[2020.07.17-14.14.12:139][  0]LogConfig: Setting CVar [[r.DOF.Scatter.MaxSpriteRatio:0.1         ; only a maximum of 10% of scattered bokeh]]
[2020.07.17-14.14.12:139][  0]LogConfig: Setting CVar [[r.DOF.Recombine.Quality:1                ; cheap slight out of focus]]
[2020.07.17-14.14.12:139][  0]LogConfig: Setting CVar [[r.DOF.Recombine.EnableBokehSettings:0    ; no bokeh simulation on slight out of focus]]
[2020.07.17-14.14.12:139][  0]LogConfig: Setting CVar [[r.DOF.TemporalAAQuality:1                ; more stable temporal accumulation]]
[2020.07.17-14.14.12:139][  0]LogConfig: Setting CVar [[r.DOF.Kernel.MaxForegroundRadius:0.025]]
[2020.07.17-14.14.12:139][  0]LogConfig: Setting CVar [[r.DOF.Kernel.MaxBackgroundRadius:0.025]]
[2020.07.17-14.14.12:139][  0]LogConfig: Applying CVar settings from Section [TextureQuality@3] File [C:/Users/Lenovo/Documents/Unreal Projects/ProjetDetectiveUnreal/Detective/Saved/Config/Windows/Scalability.ini]
[2020.07.17-14.14.12:139][  0]LogConfig: Setting CVar [[r.Streaming.MipBias:0]]
[2020.07.17-14.14.12:139][  0]LogConfig: Setting CVar [[r.Streaming.AmortizeCPUToGPUCopy:0]]
[2020.07.17-14.14.12:139][  0]LogConfig: Setting CVar [[r.Streaming.MaxNumTexturesToStreamPerFrame:0]]
[2020.07.17-14.14.12:140][  0]LogConfig: Setting CVar [[r.Streaming.Boost:1]]
[2020.07.17-14.14.12:140][  0]LogConfig: Setting CVar [[r.MaxAnisotropy:8]]
[2020.07.17-14.14.12:140][  0]LogConfig: Setting CVar [[r.VT.MaxAnisotropy:8]]
[2020.07.17-14.14.12:140][  0]LogConfig: Setting CVar [[r.Streaming.LimitPoolSizeToVRAM:0]]
[2020.07.17-14.14.12:140][  0]LogConfig: Setting CVar [[r.Streaming.PoolSize:1000]]
[2020.07.17-14.14.12:140][  0]LogConfig: Setting CVar [[r.Streaming.MaxEffectiveScreenSize:0]]
[2020.07.17-14.14.12:140][  0]LogConfig: Applying CVar settings from Section [EffectsQuality@3] File [C:/Users/Lenovo/Documents/Unreal Projects/ProjetDetectiveUnreal/Detective/Saved/Config/Windows/Scalability.ini]
[2020.07.17-14.14.12:140][  0]LogConfig: Setting CVar [[r.TranslucencyLightingVolumeDim:64]]
[2020.07.17-14.14.12:140][  0]LogConfig: Setting CVar [[r.RefractionQuality:2]]
[2020.07.17-14.14.12:140][  0]LogConfig: Setting CVar [[r.SSR.Quality:3]]
[2020.07.17-14.14.12:140][  0]LogConfig: Setting CVar [[r.SSR.HalfResSceneColor:0]]
[2020.07.17-14.14.12:140][  0]LogConfig: Setting CVar [[r.SceneColorFormat:4]]
[2020.07.17-14.14.12:140][  0]LogConfig: Setting CVar [[r.DetailMode:2]]
[2020.07.17-14.14.12:140][  0]LogConfig: Setting CVar [[r.TranslucencyVolumeBlur:1]]
[2020.07.17-14.14.12:140][  0]LogConfig: Setting CVar [[r.MaterialQualityLevel:1 ; High quality]]
[2020.07.17-14.14.12:140][  0]LogConfig: Setting CVar [[r.SSS.Scale:1]]
[2020.07.17-14.14.12:140][  0]LogConfig: Setting CVar [[r.SSS.SampleSet:2]]
[2020.07.17-14.14.12:140][  0]LogConfig: Setting CVar [[r.SSS.Quality:1]]
[2020.07.17-14.14.12:141][  0]LogConfig: Setting CVar [[r.SSS.HalfRes:1]]
[2020.07.17-14.14.12:141][  0]LogConfig: Setting CVar [[r.SSGI.Quality:3]]
[2020.07.17-14.14.12:141][  0]LogConfig: Setting CVar [[r.EmitterSpawnRateScale:1.0]]
[2020.07.17-14.14.12:141][  0]LogConfig: Setting CVar [[r.ParticleLightQuality:2]]
[2020.07.17-14.14.12:141][  0]LogConfig: Setting CVar [[r.SkyAtmosphere.AerialPerspectiveLUT.FastApplyOnOpaque:1 ; Always have FastSkyLUT 1 in this case to avoid wrong sky]]
[2020.07.17-14.14.12:141][  0]LogConfig: Setting CVar [[r.SkyAtmosphere.AerialPerspectiveLUT.SampleCountPerSlice:1]]
[2020.07.17-14.14.12:141][  0]LogConfig: Setting CVar [[r.SkyAtmosphere.AerialPerspectiveLUT.DepthResolution:16.0]]
[2020.07.17-14.14.12:141][  0]LogConfig: Setting CVar [[r.SkyAtmosphere.FastSkyLUT:1]]
[2020.07.17-14.14.12:141][  0]LogConfig: Setting CVar [[r.SkyAtmosphere.FastSkyLUT.SampleCountMin:4.0]]
[2020.07.17-14.14.12:141][  0]LogConfig: Setting CVar [[r.SkyAtmosphere.FastSkyLUT.SampleCountMax:32.0]]
[2020.07.17-14.14.12:141][  0]LogConfig: Setting CVar [[r.SkyAtmosphere.SampleCountMin:4.0]]
[2020.07.17-14.14.12:141][  0]LogConfig: Setting CVar [[r.SkyAtmosphere.SampleCountMax:32.0]]
[2020.07.17-14.14.12:141][  0]LogConfig: Setting CVar [[r.SkyAtmosphere.TransmittanceLUT.UseSmallFormat:0]]
[2020.07.17-14.14.12:142][  0]LogConfig: Setting CVar [[r.SkyAtmosphere.TransmittanceLUT.SampleCount:10.0]]
[2020.07.17-14.14.12:142][  0]LogConfig: Setting CVar [[r.SkyAtmosphere.MultiScatteringLUT.SampleCount:15.0]]
[2020.07.17-14.14.12:142][  0]LogConfig: Applying CVar settings from Section [FoliageQuality@3] File [C:/Users/Lenovo/Documents/Unreal Projects/ProjetDetectiveUnreal/Detective/Saved/Config/Windows/Scalability.ini]
[2020.07.17-14.14.12:142][  0]LogConfig: Setting CVar [[foliage.DensityScale:1.0]]
[2020.07.17-14.14.12:142][  0]LogConfig: Setting CVar [[grass.DensityScale:1.0]]
[2020.07.17-14.14.12:142][  0]LogConfig: Applying CVar settings from Section [ShadingQuality@3] File [C:/Users/Lenovo/Documents/Unreal Projects/ProjetDetectiveUnreal/Detective/Saved/Config/Windows/Scalability.ini]
[2020.07.17-14.14.12:142][  0]LogConfig: Setting CVar [[r.HairStrands.SkyLighting.SampleCount:16]]
[2020.07.17-14.14.12:142][  0]LogConfig: Setting CVar [[r.HairStrands.SkyLighting.JitterIntegration:0]]
[2020.07.17-14.14.12:142][  0]LogConfig: Setting CVar [[r.HairStrands.SkyAO.SampleCount:16]]
[2020.07.17-14.14.12:142][  0]LogConfig: Applying CVar settings from Section [Startup] File [../../../Engine/Config/ConsoleVariables.ini]
[2020.07.17-14.14.12:143][  0]LogConfig: Setting CVar [[net.UseAdaptiveNetUpdateFrequency:0]]
[2020.07.17-14.14.12:144][  0]LogConfig: Setting CVar [[p.chaos.AllowCreatePhysxBodies:1]]
[2020.07.17-14.14.12:144][  0]LogConfig: Applying CVar settings from Section [ConsoleVariables] File [C:/Users/Lenovo/Documents/Unreal Projects/ProjetDetectiveUnreal/Detective/Saved/Config/Windows/Engine.ini]
[2020.07.17-14.14.12:144][  0]LogInit: Computer: LAPTOP-RK1UAA0E
[2020.07.17-14.14.12:144][  0]LogInit: User: Thomas
[2020.07.17-14.14.12:144][  0]LogInit: CPU Page size=4096, Cores=4
[2020.07.17-14.14.12:144][  0]LogInit: High frequency timer resolution =10.000000 MHz
[2020.07.17-14.14.12:146][  0]LogMemory: Memory total: Physical=7.9GB (8GB approx)
[2020.07.17-14.14.12:146][  0]LogMemory: Platform Memory Stats for Windows
[2020.07.17-14.14.12:146][  0]LogMemory: Process Physical Memory: 105.14 MB used, 105.14 MB peak
[2020.07.17-14.14.12:146][  0]LogMemory: Process Virtual Memory: 100.47 MB used, 100.47 MB peak
[2020.07.17-14.14.12:146][  0]LogMemory: Physical Memory: 5208.59 MB used,  2892.64 MB free, 8101.22 MB total
[2020.07.17-14.14.12:146][  0]LogMemory: Virtual Memory: 5137.55 MB used,  134212592.00 MB free, 134217728.00 MB total
[2020.07.17-14.14.12:155][  0]LogWindows: WindowsPlatformFeatures enabled
[2020.07.17-14.14.12:205][  0]LogInit: Using OS detected language (fr-FR).
[2020.07.17-14.14.12:205][  0]LogInit: Using OS detected locale (fr-FR).
[2020.07.17-14.14.12:206][  0]LogTextLocalizationManager: No specific localization for 'fr-FR' exists, so the 'fr' localization will be used.
[2020.07.17-14.14.12:207][  0]LogTextLocalizationResource: LocRes '../../../Engine/Content/Localization/Editor/fr/Editor.locres' could not be opened for reading!
[2020.07.17-14.14.12:207][  0]LogTextLocalizationResource: LocRes '../../../Engine/Content/Localization/EditorTutorials/fr/EditorTutorials.locres' could not be opened for reading!
[2020.07.17-14.14.12:208][  0]LogTextLocalizationResource: LocRes '../../../Engine/Content/Localization/Keywords/fr/Keywords.locres' could not be opened for reading!
[2020.07.17-14.14.12:208][  0]LogTextLocalizationResource: LocRes '../../../Engine/Content/Localization/Category/fr/Category.locres' could not be opened for reading!
[2020.07.17-14.14.12:208][  0]LogTextLocalizationResource: LocRes '../../../Engine/Content/Localization/ToolTips/fr/ToolTips.locres' could not be opened for reading!
[2020.07.17-14.14.12:208][  0]LogTextLocalizationResource: LocRes '../../../Engine/Content/Localization/PropertyNames/fr/PropertyNames.locres' could not be opened for reading!
[2020.07.17-14.14.12:208][  0]LogTextLocalizationResource: LocRes '../../../Engine/Content/Localization/Engine/fr/Engine.locres' could not be opened for reading!
[2020.07.17-14.14.12:212][  0]LogInit: Setting process to per monitor DPI aware
[2020.07.17-14.14.12:295][  0]LogSlate: New Slate User Created.  User Index 0, Is Virtual User: 0
[2020.07.17-14.14.12:295][  0]LogSlate: Slate User Registered.  User Index 0, Is Virtual User: 0
[2020.07.17-14.14.12:581][  0]LogHMD: Failed to initialize OpenVR with code 110
[2020.07.17-14.14.12:581][  0]LogD3D11RHI: D3D11 min allowed feature level: 11_0
[2020.07.17-14.14.12:581][  0]LogD3D11RHI: D3D11 max allowed feature level: 11_0
[2020.07.17-14.14.12:581][  0]LogD3D11RHI: D3D11 adapters:
[2020.07.17-14.14.12:728][  0]LogD3D11RHI:    0. 'Intel(R) UHD Graphics 620' (Feature Level 11_0)
[2020.07.17-14.14.12:728][  0]LogD3D11RHI:       128/0/4050 MB DedicatedVideo/DedicatedSystem/SharedSystem, Outputs:1, VendorId:0x8086
[2020.07.17-14.14.12:733][  0]LogD3D11RHI:    1. 'Microsoft Basic Render Driver' (Feature Level 11_0)
[2020.07.17-14.14.12:733][  0]LogD3D11RHI:       0/0/4050 MB DedicatedVideo/DedicatedSystem/SharedSystem, Outputs:0, VendorId:0x1414
[2020.07.17-14.14.12:733][  0]LogD3D11RHI: Chosen D3D11 Adapter: 0
[2020.07.17-14.14.12:743][  0]LogD3D11RHI: Creating new Direct3DDevice
[2020.07.17-14.14.12:743][  0]LogD3D11RHI:     GPU DeviceId: 0x5917 (for the marketing name, search the web for "GPU Device Id")
[2020.07.17-14.14.12:743][  0]LogWindows: EnumDisplayDevices:
[2020.07.17-14.14.12:744][  0]LogWindows:    0. 'Intel(R) UHD Graphics 620' (P:1 D:1)
[2020.07.17-14.14.12:744][  0]LogWindows:    1. 'Intel(R) UHD Graphics 620' (P:0 D:0)
[2020.07.17-14.14.12:745][  0]LogWindows:    2. 'Intel(R) UHD Graphics 620' (P:0 D:0)
[2020.07.17-14.14.12:745][  0]LogWindows: DebugString: FoundDriverCount:3 
[2020.07.17-14.14.12:745][  0]LogD3D11RHI:     Adapter Name: Intel(R) UHD Graphics 620
[2020.07.17-14.14.12:745][  0]LogD3D11RHI:   Driver Version: 26.20.100.7323 (internal:26.20.100.7323, unified:26.20.100.7323)
[2020.07.17-14.14.12:745][  0]LogD3D11RHI:      Driver Date: 10-7-2019
[2020.07.17-14.14.12:745][  0]LogRHI: Texture pool is 1507 MB (70% of 2153 MB)
[2020.07.17-14.14.12:886][  0]LogD3D11RHI: RHI does not have support for 64 bit atomics
[2020.07.17-14.14.12:888][  0]LogD3D11RHI: [IntelMetricsDiscovery] Started
[2020.07.17-14.14.12:888][  0]LogD3D11RHI: Async texture creation enabled
[2020.07.17-14.14.12:900][  0]LogD3D11RHI: GPU Timing Frequency: 12.000048 (Debug: 2 0)
[2020.07.17-14.14.13:549][  0]LogTargetPlatformManager: Display: Loaded TargetPlatform 'AllDesktop'
[2020.07.17-14.14.13:619][  0]LogTargetPlatformManager: Display: Loaded TargetPlatform 'Android'
[2020.07.17-14.14.13:619][  0]LogTargetPlatformManager: Display: Loaded TargetPlatform 'Android_ASTC'
[2020.07.17-14.14.13:619][  0]LogTargetPlatformManager: Display: Loaded TargetPlatform 'Android_ATC'
[2020.07.17-14.14.13:619][  0]LogTargetPlatformManager: Display: Loaded TargetPlatform 'Android_DXT'
[2020.07.17-14.14.13:619][  0]LogTargetPlatformManager: Display: Loaded TargetPlatform 'Android_ETC1'
[2020.07.17-14.14.13:619][  0]LogTargetPlatformManager: Display: Loaded TargetPlatform 'Android_ETC1a'
[2020.07.17-14.14.13:619][  0]LogTargetPlatformManager: Display: Loaded TargetPlatform 'Android_ETC2'
[2020.07.17-14.14.13:619][  0]LogTargetPlatformManager: Display: Loaded TargetPlatform 'Android_PVRTC'
[2020.07.17-14.14.13:619][  0]LogTargetPlatformManager: Display: Loaded TargetPlatform 'AndroidClient'
[2020.07.17-14.14.13:619][  0]LogTargetPlatformManager: Display: Loaded TargetPlatform 'Android_ASTCClient'
[2020.07.17-14.14.13:619][  0]LogTargetPlatformManager: Display: Loaded TargetPlatform 'Android_ATCClient'
[2020.07.17-14.14.13:619][  0]LogTargetPlatformManager: Display: Loaded TargetPlatform 'Android_DXTClient'
[2020.07.17-14.14.13:619][  0]LogTargetPlatformManager: Display: Loaded TargetPlatform 'Android_ETC1Client'
[2020.07.17-14.14.13:619][  0]LogTargetPlatformManager: Display: Loaded TargetPlatform 'Android_ETC1aClient'
[2020.07.17-14.14.13:619][  0]LogTargetPlatformManager: Display: Loaded TargetPlatform 'Android_ETC2Client'
[2020.07.17-14.14.13:619][  0]LogTargetPlatformManager: Display: Loaded TargetPlatform 'Android_PVRTCClient'
[2020.07.17-14.14.13:619][  0]LogTargetPlatformManager: Display: Loaded TargetPlatform 'Android_Multi'
[2020.07.17-14.14.13:619][  0]LogTargetPlatformManager: Display: Loaded TargetPlatform 'Android_MultiClient'
[2020.07.17-14.14.13:656][  0]LogTargetPlatformManager: Display: Loaded TargetPlatform 'IOSClient'
[2020.07.17-14.14.13:657][  0]LogTargetPlatformManager: Display: Loaded TargetPlatform 'IOS'
[2020.07.17-14.14.13:672][  0]LogTargetPlatformManager: Display: Loaded TargetPlatform 'LinuxNoEditor'
[2020.07.17-14.14.13:688][  0]LogTargetPlatformManager: Display: Loaded TargetPlatform 'LinuxClient'
[2020.07.17-14.14.13:703][  0]LogTargetPlatformManager: Display: Loaded TargetPlatform 'LinuxServer'
[2020.07.17-14.14.13:719][  0]LogTargetPlatformManager: Display: Loaded TargetPlatform 'LinuxAArch64NoEditor'
[2020.07.17-14.14.13:734][  0]LogTargetPlatformManager: Display: Loaded TargetPlatform 'LinuxAArch64Client'
[2020.07.17-14.14.13:750][  0]LogTargetPlatformManager: Display: Loaded TargetPlatform 'LinuxAArch64Server'
[2020.07.17-14.14.13:803][  0]LogTargetPlatformManager: Display: Loaded TargetPlatform 'Lumin'
[2020.07.17-14.14.13:803][  0]LogTargetPlatformManager: Display: Loaded TargetPlatform 'LuminClient'
[2020.07.17-14.14.13:832][  0]LogTargetPlatformManager: Display: Loaded TargetPlatform 'TVOSClient'
[2020.07.17-14.14.13:832][  0]LogTargetPlatformManager: Display: Loaded TargetPlatform 'TVOS'
[2020.07.17-14.14.13:848][  0]LogTargetPlatformManager: Display: Loaded TargetPlatform 'WindowsNoEditor'
[2020.07.17-14.14.13:864][  0]LogTargetPlatformManager: Display: Loaded TargetPlatform 'Windows'
[2020.07.17-14.14.13:879][  0]LogTargetPlatformManager: Display: Loaded TargetPlatform 'WindowsClient'
[2020.07.17-14.14.13:895][  0]LogTargetPlatformManager: Display: Loaded TargetPlatform 'WindowsServer'
[2020.07.17-14.14.13:895][  0]LogTargetPlatformManager: Display: Building Assets For Windows
[2020.07.17-14.14.13:901][  0]LogAudioDebug: Display: Lib vorbis DLL was dynamically loaded.
[2020.07.17-14.14.13:949][  0]LogShaderCompilers: Guid format shader working directory is -42 characters bigger than the processId version (../../../../../../Users/Lenovo/Documents/Unreal Projects/ProjetDetectiveUnreal/Detective/Intermediate/Shaders/WorkingDirectory/12160/).
[2020.07.17-14.14.13:949][  0]LogShaderCompilers: Cleaned the shader compiler working directory 'C:/Users/Lenovo/AppData/Local/Temp/UnrealShaderWorkingDir/D55EA5124E06DA30F56913A5DD0BB720/'.
[2020.07.17-14.14.13:951][  0]LogXGEController: Cannot use XGE Controller as Incredibuild is not installed on this machine.
[2020.07.17-14.14.13:951][  0]LogShaderCompilers: Cannot use XGE Shader Compiler as Incredibuild is not installed on this machine.
[2020.07.17-14.14.13:951][  0]LogShaderCompilers: Display: Using Local Shader Compiler.
[2020.07.17-14.14.15:622][  0]LogDerivedDataCache: Display: Max Cache Size: 512 MB
[2020.07.17-14.14.15:723][  0]LogDerivedDataCache: Loaded boot cache 0.10s 78MB C:/Users/Lenovo/AppData/Local/UnrealEngine/4.24/DerivedDataCache/Boot.ddc.
[2020.07.17-14.14.15:724][  0]LogDerivedDataCache: Display: Loaded Boot cache: C:/Users/Lenovo/AppData/Local/UnrealEngine/4.24/DerivedDataCache/Boot.ddc
[2020.07.17-14.14.15:724][  0]LogDerivedDataCache: FDerivedDataBackendGraph:  Pak pak cache file ../../../../../../Users/Lenovo/Documents/Unreal Projects/ProjetDetectiveUnreal/Detective/DerivedDataCache/DDC.ddp not found, will not use a pak cache.
[2020.07.17-14.14.15:724][  0]LogDerivedDataCache: Unable to find inner node Pak for hierarchical cache Hierarchy.
[2020.07.17-14.14.15:724][  0]LogDerivedDataCache: FDerivedDataBackendGraph:  CompressedPak pak cache file ../../../../../../Users/Lenovo/Documents/Unreal Projects/ProjetDetectiveUnreal/Detective/DerivedDataCache/Compressed.ddp not found, will not use a pak cache.
[2020.07.17-14.14.15:724][  0]LogDerivedDataCache: Unable to find inner node CompressedPak for hierarchical cache Hierarchy.
[2020.07.17-14.14.15:746][  0]LogDerivedDataCache: Display: Pak cache opened for reading ../../../Engine/DerivedDataCache/Compressed.ddp.
[2020.07.17-14.14.15:747][  0]LogDerivedDataCache: FDerivedDataBackendGraph:  EnterprisePak pak cache file ../../../Enterprise/DerivedDataCache/Compressed.ddp not found, will not use a pak cache.
[2020.07.17-14.14.15:747][  0]LogDerivedDataCache: Unable to find inner node EnterprisePak for hierarchical cache Hierarchy.
[2020.07.17-14.14.15:749][  0]LogDerivedDataCache: Using Local data cache path C:/Users/Lenovo/AppData/Local/UnrealEngine/Common/DerivedDataCache: Writable
[2020.07.17-14.14.15:749][  0]LogDerivedDataCache: Shared data cache path not found in *engine.ini, will not use an Shared cache.
[2020.07.17-14.14.15:749][  0]LogDerivedDataCache: Unable to find inner node Shared for hierarchical cache Hierarchy.
[2020.07.17-14.14.15:803][  0]LogMaterial: Verifying Global Shaders for PCD3D_SM5
[2020.07.17-14.14.15:809][  0]LogSlate: Using FreeType 2.10.0
[2020.07.17-14.14.15:809][  0]LogSlate: SlateFontServices - WITH_FREETYPE: 1, WITH_HARFBUZZ: 1
[2020.07.17-14.14.15:915][  0]LogAssetRegistry: FAssetRegistry took 0.0048 seconds to start up
[2020.07.17-14.14.16:584][  0]LogInit: Selected Device Profile: [Windows]
[2020.07.17-14.14.16:927][  0]LogMeshReduction: Using QuadricMeshReduction for automatic static mesh reduction
[2020.07.17-14.14.16:927][  0]LogMeshReduction: Using SimplygonMeshReduction for automatic skeletal mesh reduction
[2020.07.17-14.14.16:928][  0]LogMeshReduction: Using ProxyLODMeshReduction for automatic mesh merging
[2020.07.17-14.14.16:928][  0]LogMeshReduction: No distributed automatic mesh merging module available
[2020.07.17-14.14.16:928][  0]LogMeshMerging: No distributed automatic mesh merging module available
[2020.07.17-14.14.16:950][  0]LogNetVersion: Detective 1.0.0, NetCL: 10570792, EngineNetVer: 13, GameNetVer: 0 (Checksum: 533168907)
[2020.07.17-14.14.19:210][  0]LogPackageLocalizationCache: Processed 10 localized package path(s) for 1 prioritized culture(s) in 0.075692 seconds
[2020.07.17-14.14.19:223][  0]LogUObjectArray: 46750 objects as part of root set at end of initial load.
[2020.07.17-14.14.19:223][  0]LogUObjectAllocator: 8137160 out of 0 bytes used by permanent object pool.
[2020.07.17-14.14.19:223][  0]LogUObjectArray: CloseDisregardForGC: 0/0 objects in disregard for GC pool
[2020.07.17-14.14.20:066][  0]LogTcpMessaging: Initializing TcpMessaging bridge
[2020.07.17-14.14.20:071][  0]LogUdpMessaging: Initializing bridge on interface 0.0.0.0:0 to multicast group 230.0.0.1:6666.
[2020.07.17-14.14.20:164][  0]SourceControl: Source control is disabled
[2020.07.17-14.14.20:164][  0]SourceControl: Source control is disabled
[2020.07.17-14.14.20:166][  0]SourceControl: Source control is disabled
[2020.07.17-14.14.20:168][  0]SourceControl: Source control is disabled
[2020.07.17-14.14.20:169][  0]SourceControl: Source control is disabled
[2020.07.17-14.14.20:324][  0]LogAndroidPermission: UAndroidPermissionCallbackProxy::GetInstance
[2020.07.17-14.14.20:341][  0]LogAudioCaptureCore: Display: No Audio Capture implementations found. Audio input will be silent.
[2020.07.17-14.14.20:341][  0]LogAudioCaptureCore: Display: No Audio Capture implementations found. Audio input will be silent.
[2020.07.17-14.14.20:522][  0]LogOcInput: OculusInput pre-init called
[2020.07.17-14.14.20:536][  0]LogWindows: Failed to load 'OVRPlugin.dll' (GetLastError=126)
[2020.07.17-14.14.20:536][  0]LogWindows: File 'OVRPlugin.dll' does not exist
[2020.07.17-14.14.20:693][  0]LogEngine: Initializing Engine...
[2020.07.17-14.14.20:695][  0]LogHMD: Failed to initialize OpenVR with code 110
[2020.07.17-14.14.20:697][  0]LogStats: UGameplayTagsManager::InitializeManager -  0.000 s
[2020.07.17-14.14.21:430][  0]LogInit: Initializing FReadOnlyCVARCache
[2020.07.17-14.14.21:442][  0]LogAIModule: Creating AISystem for world Untitled
[2020.07.17-14.14.21:776][  0]LogAudioMixer: Display: Audio Mixer Platform Settings:
[2020.07.17-14.14.21:776][  0]LogAudioMixer: Display: 	Sample Rate:						  48000
[2020.07.17-14.14.21:776][  0]LogAudioMixer: Display: 	Callback Buffer Frame Size Requested: 1024
[2020.07.17-14.14.21:776][  0]LogAudioMixer: Display: 	Callback Buffer Frame Size To Use:	  1024
[2020.07.17-14.14.21:776][  0]LogAudioMixer: Display: 	Number of buffers to queue:			  2
[2020.07.17-14.14.21:776][  0]LogAudioMixer: Display: 	Max Channels (voices):				  32
[2020.07.17-14.14.21:776][  0]LogAudioMixer: Display: 	Number of Async Source Workers:		  0
[2020.07.17-14.14.21:776][  0]LogAudio: Display: AudioDevice MaxSources: 32
[2020.07.17-14.14.21:777][  0]LogAudio: Display: Using built-in audio occlusion.
[2020.07.17-14.14.21:777][  0]LogAudioMixer: Display: Initializing audio mixer.
[2020.07.17-14.14.21:806][  0]LogAudioMixer: Display: Audio Device Output Speaker Info:
[2020.07.17-14.14.21:806][  0]LogAudioMixer: Display: Name: Haut-parleurs (Realtek(R) Audio)
[2020.07.17-14.14.21:806][  0]LogAudioMixer: Display: Is Default: Yes
[2020.07.17-14.14.21:806][  0]LogAudioMixer: Display: Sample Rate: 48000
[2020.07.17-14.14.21:806][  0]LogAudioMixer: Display: Channel Count Used: 2
[2020.07.17-14.14.21:806][  0]LogAudioMixer: Display: Device Channel Count: 2
[2020.07.17-14.14.21:806][  0]LogAudioMixer: Display: Channel Order:
[2020.07.17-14.14.21:806][  0]LogAudioMixer: Display: 0: FrontLeft
[2020.07.17-14.14.21:806][  0]LogAudioMixer: Display: 1: FrontRight
[2020.07.17-14.14.21:854][  0]LogAudioMixer: Display: Using Audio Device Haut-parleurs (Realtek(R) Audio)
[2020.07.17-14.14.21:863][  0]LogInit: FAudioDevice initialized.
[2020.07.17-14.14.21:863][  0]LogNetVersion: Set ProjectVersion to 1.0.0.0. Version Checksum will be recalculated on next use.
[2020.07.17-14.14.21:965][  0]LogDerivedDataCache: Saved boot cache 0.10s 78MB C:/Users/Lenovo/AppData/Local/UnrealEngine/4.24/DerivedDataCache/Boot.ddc.
[2020.07.17-14.14.21:970][  0]LogInit: Texture streaming: Enabled
[2020.07.17-14.14.21:979][  0]LogEngineSessionManager: EngineSessionManager initialized
[2020.07.17-14.14.21:979][  0]LogEditorSessionSummary: Verbose: Initializing EditorSessionSummaryWriter for editor session tracking
[2020.07.17-14.14.21:980][  0]LogEditorSessionSummary: EditorSessionSummaryWriter initialized
[2020.07.17-14.14.22:025][  0]LogInit: Transaction tracking system initialized
[2020.07.17-14.14.22:033][  0]BlueprintLog: New page: Editor Load
[2020.07.17-14.14.22:058][  0]LocalizationService: Localization service is disabled
[2020.07.17-14.14.22:326][  0]LogFileCache: Scanning file cache for directory 'C:/Users/Lenovo/Documents/Unreal Projects/ProjetDetectiveUnreal/Detective/Content/' took 0.00s
[2020.07.17-14.14.22:326][  0]LogCook: Display: Max memory allowance for cook 16384mb min free memory 0mb
[2020.07.17-14.14.22:326][  0]LogCook: Display: Mobile HDR setting 1
[2020.07.17-14.14.22:945][  0]SourceControl: Source control is disabled
[2020.07.17-14.14.22:946][  0]Cmd: MAP LOAD FILE="../../../../../../Users/Lenovo/Documents/Unreal Projects/ProjetDetectiveUnreal/Detective/Content/ThirdPersonBP/Maps/ThirdPersonExampleMap.umap" TEMPLATE=0 SHOWPROGRESS=1 FEATURELEVEL=3
[2020.07.17-14.14.22:946][  0]LightingResults: New page: Lighting Build
[2020.07.17-14.14.22:947][  0]LogWorld: UWorld::CleanupWorld for Untitled, bSessionEnded=true, bCleanupResources=true
[2020.07.17-14.14.22:947][  0]LogSlate: InvalidateAllWidgets triggered.  All widgets were invalidated
[2020.07.17-14.14.22:947][  0]MapCheck: New page: Map Check
[2020.07.17-14.14.22:947][  0]LightingResults: New page: Lighting Build
[2020.07.17-14.14.22:972][  0]LogUObjectHash: Compacting FUObjectHashTables data took   1.99ms
[2020.07.17-14.14.23:222][  0]LogAIModule: Creating AISystem for world ThirdPersonExampleMap
[2020.07.17-14.14.23:229][  0]LogEditorServer: Finished looking for orphan Actors (0.000 secs)
[2020.07.17-14.14.23:302][  0]LogUObjectHash: Compacting FUObjectHashTables data took   2.17ms
[2020.07.17-14.14.23:302][  0]Cmd: MAP CHECKDEP NOCLEARLOG
[2020.07.17-14.14.23:303][  0]MapCheck: Map check complete: 0 Error(s), 0 Warning(s), took 0,171ms to complete.
[2020.07.17-14.14.23:303][  0]LogFileHelpers: Loading map 'ThirdPersonExampleMap' took 0.357
[2020.07.17-14.14.23:458][  0]LogSlate: Updating window title bar state: overlay mode, drag disabled, window buttons hidden, title bar hidden
[2020.07.17-14.14.23:465][  0]LogSlate: Updating window title bar state: overlay mode, drag disabled, window buttons hidden, title bar hidden
[2020.07.17-14.14.23:471][  0]LogSlate: Updating window title bar state: overlay mode, drag disabled, window buttons hidden, title bar hidden
[2020.07.17-14.14.23:477][  0]LogSlate: Updating window title bar state: overlay mode, drag disabled, window buttons hidden, title bar hidden
[2020.07.17-14.14.23:482][  0]LogCollectionManager: Loaded 0 collections in 0.001734 seconds
[2020.07.17-14.14.23:493][  0]LogFileCache: Scanning file cache for directory 'C:/Users/Lenovo/Documents/Unreal Projects/ProjetDetectiveUnreal/Detective/Saved/Collections/' took 0.00s
[2020.07.17-14.14.23:493][  0]LogFileCache: Scanning file cache for directory 'C:/Users/Lenovo/Documents/Unreal Projects/ProjetDetectiveUnreal/Detective/Content/Developers/Thomas/Collections/' took 0.00s
[2020.07.17-14.14.23:493][  0]LogFileCache: Scanning file cache for directory 'C:/Users/Lenovo/Documents/Unreal Projects/ProjetDetectiveUnreal/Detective/Content/Collections/' took 0.00s
[2020.07.17-14.14.23:493][  0]LogContentBrowser: Native class hierarchy populated in 0.0080 seconds. Added 3015 classes and 717 folders.
[2020.07.17-14.14.23:496][  0]LogContentBrowser: Native class hierarchy updated for 'WidgetCarousel' in 0.0002 seconds. Added 0 classes and 0 folders.
[2020.07.17-14.14.23:549][  0]LogContentBrowser: Native class hierarchy updated for 'AddContentDialog' in 0.0002 seconds. Added 0 classes and 0 folders.
[2020.07.17-14.14.23:552][  0]LogContentBrowser: Native class hierarchy updated for 'SceneOutliner' in 0.0002 seconds. Added 2 classes and 3 folders.
[2020.07.17-14.14.23:670][  0]LogSlate: Took 0.000243 seconds to synchronously load lazily loaded font '../../../Engine/Content/Slate/Fonts/Roboto-Regular.ttf' (155K)
[2020.07.17-14.14.23:672][  0]LogSlate: Took 0.000154 seconds to synchronously load lazily loaded font '../../../Engine/Content/Slate/Fonts/Roboto-Bold.ttf' (160K)
[2020.07.17-14.14.23:676][  0]LogSlate: Took 0.000188 seconds to synchronously load lazily loaded font '../../../Engine/Content/Editor/Slate/Fonts/FontAwesome.ttf' (139K)
[2020.07.17-14.14.23:755][  0]LogRenderer: Reallocating scene render targets to support 912x424 Format 10 NumSamples 1 (Frame:1).
[2020.07.17-14.14.24:232][  0]LogContentBrowser: Native class hierarchy updated for 'HierarchicalLODOutliner' in 0.0005 seconds. Added 0 classes and 0 folders.
[2020.07.17-14.14.24:232][  0]LogLoad: (Engine Initialization) Total time: 15.29 seconds
[2020.07.17-14.14.24:232][  0]LogLoad: (Engine Initialization) Total Blueprint compile time: 0.00 seconds
[2020.07.17-14.14.24:308][  0]LogContentStreaming: Texture pool size now 1000 MB
[2020.07.17-14.14.24:316][  0]LogSlate: Took 0.003299 seconds to synchronously load lazily loaded font '../../../Engine/Content/Slate/Fonts/DroidSansFallback.ttf' (3848K)
[2020.07.17-14.14.24:376][  1]LogAssetRegistry: Asset discovery search completed in 8.4630 seconds
[2020.07.17-14.14.24:387][  1]LogCollectionManager: Fixed up redirectors for 0 collections in 0.000016 seconds (updated 0 objects)
[2020.07.17-14.14.28:430][125]LogSlate: Took 0.000240 seconds to synchronously load lazily loaded font '../../../Engine/Content/Slate/Fonts/Roboto-Light.ttf' (167K)
[2020.07.17-14.17.56:098][262]LogAudioMixer: Warning: Changing default audio render device to new device: {0.0.0.00000000}.{e3cb82de-fbf9-4843-b620-749fbfa8664d}.
[2020.07.17-14.17.56:232][262]LogTemp: Resetting audio stream to device id 
[2020.07.17-14.17.56:456][262]LogAudioMixer: Display: Audio Device Output Speaker Info:
[2020.07.17-14.17.56:456][262]LogAudioMixer: Display: Name: AAA (Son Intel(R) pour écrans)
[2020.07.17-14.17.56:456][262]LogAudioMixer: Display: Is Default: Yes
[2020.07.17-14.17.56:456][262]LogAudioMixer: Display: Sample Rate: 48000
[2020.07.17-14.17.56:456][262]LogAudioMixer: Display: Channel Count Used: 2
[2020.07.17-14.17.56:456][262]LogAudioMixer: Display: Device Channel Count: 2
[2020.07.17-14.17.56:456][262]LogAudioMixer: Display: Channel Order:
[2020.07.17-14.17.56:456][262]LogAudioMixer: Display: 0: FrontLeft
[2020.07.17-14.17.56:456][262]LogAudioMixer: Display: 1: FrontRight
[2020.07.17-14.19.35:646][257]LogAudioMixer: Warning: Changing default audio render device to new device: {0.0.0.00000000}.{761a5fcc-6dc6-48a9-8ae4-048287d42a9e}.
[2020.07.17-14.19.35:646][257]LogTemp: Resetting audio stream to device id 
[2020.07.17-14.19.35:655][257]LogAudioMixer: Display: Audio Device Output Speaker Info:
[2020.07.17-14.19.35:655][257]LogAudioMixer: Display: Name: Haut-parleurs (Realtek(R) Audio)
[2020.07.17-14.19.35:655][257]LogAudioMixer: Display: Is Default: Yes
[2020.07.17-14.19.35:655][257]LogAudioMixer: Display: Sample Rate: 48000
[2020.07.17-14.19.35:656][257]LogAudioMixer: Display: Channel Count Used: 2
[2020.07.17-14.19.35:656][257]LogAudioMixer: Display: Device Channel Count: 2
[2020.07.17-14.19.35:656][257]LogAudioMixer: Display: Channel Order:
[2020.07.17-14.19.35:656][257]LogAudioMixer: Display: 0: FrontLeft
[2020.07.17-14.19.35:656][257]LogAudioMixer: Display: 1: FrontRight
[2020.07.17-14.19.38:049][264]LogAudioMixer: Warning: Changing default audio render device to new device: {0.0.0.00000000}.{e3cb82de-fbf9-4843-b620-749fbfa8664d}.
[2020.07.17-14.19.38:049][264]LogTemp: Resetting audio stream to device id 
[2020.07.17-14.19.38:137][264]LogAudioMixer: Display: Audio Device Output Speaker Info:
[2020.07.17-14.19.38:137][264]LogAudioMixer: Display: Name: AAA (Son Intel(R) pour écrans)
[2020.07.17-14.19.38:137][264]LogAudioMixer: Display: Is Default: Yes
[2020.07.17-14.19.38:137][264]LogAudioMixer: Display: Sample Rate: 48000
[2020.07.17-14.19.38:137][264]LogAudioMixer: Display: Channel Count Used: 2
[2020.07.17-14.19.38:137][264]LogAudioMixer: Display: Device Channel Count: 2
[2020.07.17-14.19.38:137][264]LogAudioMixer: Display: Channel Order:
[2020.07.17-14.19.38:137][264]LogAudioMixer: Display: 0: FrontLeft
[2020.07.17-14.19.38:137][264]LogAudioMixer: Display: 1: FrontRight
[2020.07.17-14.19.50:015][497]LogSlate: Took 0.000261 seconds to synchronously load lazily loaded font '../../../Engine/Content/Slate/Fonts/Roboto-Light.ttf' (167K)
[2020.07.17-14.19.50:051][497]LogAssetEditorSubsystem: Opening Asset editor for Blueprint /Game/Blueprint/PNJ1.PNJ1
[2020.07.17-14.19.50:415][497]LogContentBrowser: Native class hierarchy updated for 'BlueprintGraph' in 0.0010 seconds. Added 121 classes and 0 folders.
[2020.07.17-14.19.52:385][497]LogSlate: Took 0.000361 seconds to synchronously load lazily loaded font '../../../Engine/Content/Slate/Fonts/Roboto-BoldCondensed.ttf' (158K)
[2020.07.17-14.20.14:262][629]LogRenderer: Reallocating scene render targets to support 912x536 Format 10 NumSamples 1 (Frame:1).
[2020.07.17-14.20.19:569][670]LogSlate: Took 0.000294 seconds to synchronously load lazily loaded font '../../../Engine/Content/Slate/Fonts/Roboto-Italic.ttf' (157K)
[2020.07.17-14.22.20:150][759]LogSlate: Window 'Color Picker' being destroyed
[2020.07.17-14.28.41:168][285]LogUObjectHash: Compacting FUObjectHashTables data took   8.72ms
[2020.07.17-14.28.41:170][285]LogFileHelpers: Editor autosave (incl. sublevels) for '/Game/ThirdPersonBP/Maps/ThirdPersonExampleMap' took 0.092
[2020.07.17-14.28.41:173][285]OBJ SavePackage: Generating thumbnails for [1] asset(s) in package [/Game/Blueprint/PNJ1] ([1] browsable assets)...
[2020.07.17-14.28.41:227][285]OBJ SavePackage:     Rendered thumbnail for [Blueprint /Game/Blueprint/PNJ1.PNJ1]
[2020.07.17-14.28.41:227][285]OBJ SavePackage: Finished generating thumbnails for package [/Game/Blueprint/PNJ1]
[2020.07.17-14.28.41:316][285]LogSavePackage: Moving '../../../../../../Users/Lenovo/Documents/Unreal Projects/ProjetDetectiveUnreal/Detective/Saved/PNJ1_Auto12D95EE394F549AFF04085294A046DDD9.tmp' to '../../../../../../Users/Lenovo/Documents/Unreal Projects/ProjetDetectiveUnreal/Detective/Saved/Autosaves/Game/Blueprint/PNJ1_Auto1.uasset'
[2020.07.17-14.28.41:320][285]OBJ SavePackage: Generating thumbnails for [0] asset(s) in package [/Game/Blueprint/UI_PNJ1] ([1] browsable assets)...
[2020.07.17-14.28.41:320][285]OBJ SavePackage: Finished generating thumbnails for package [/Game/Blueprint/UI_PNJ1]
[2020.07.17-14.28.41:343][285]LogSavePackage: Moving '../../../../../../Users/Lenovo/Documents/Unreal Projects/ProjetDetectiveUnreal/Detective/Saved/UI_PNJ1_Auto178236C124C9AE8AC3CB569B20D5EF8A9.tmp' to '../../../../../../Users/Lenovo/Documents/Unreal Projects/ProjetDetectiveUnreal/Detective/Saved/Autosaves/Game/Blueprint/UI_PNJ1_Auto1.uasset'
[2020.07.17-14.28.41:345][285]LogFileHelpers: Auto-saving content packages took 0.174
[2020.07.17-14.30.49:755][500]LogSlate: Window 'Pick Parent Class' being destroyed
[2020.07.17-14.30.57:004][702]LogAssetEditorSubsystem: Opening Asset editor for Blueprint /Game/Blueprint/GI.GI
[2020.07.17-14.31.17:702][421]BlueprintLog: New page: Compile GI
[2020.07.17-14.31.17:778][421]LogUObjectHash: Compacting FUObjectHashTables data took   6.75ms
[2020.07.17-14.31.18:392][442]Cmd: OBJ SAVEPACKAGE PACKAGE="/Game/Blueprint/GI" FILE="../../../../../../Users/Lenovo/Documents/Unreal Projects/ProjetDetectiveUnreal/Detective/Content/Blueprint/GI.uasset" SILENT=true
[2020.07.17-14.31.18:414][442]LogSavePackage: Moving '../../../../../../Users/Lenovo/Documents/Unreal Projects/ProjetDetectiveUnreal/Detective/Saved/GI41889E8E416A3054EB75308DE4F35426.tmp' to '../../../../../../Users/Lenovo/Documents/Unreal Projects/ProjetDetectiveUnreal/Detective/Content/Blueprint/GI.uasset'
[2020.07.17-14.31.18:442][442]AssetCheck: New page: Asset Save: GI
[2020.07.17-14.31.18:442][442]LogContentValidation: Display: Validating Blueprint /Game/Blueprint/GI.GI
[2020.07.17-14.32.09:396][591]BlueprintLog: New page: Compile PNJ1
[2020.07.17-14.32.09:931][591]LogUObjectHash: Compacting FUObjectHashTables data took   7.54ms
[2020.07.17-14.32.10:547][611]Cmd: OBJ SAVEPACKAGE PACKAGE="/Game/Blueprint/PNJ1" FILE="../../../../../../Users/Lenovo/Documents/Unreal Projects/ProjetDetectiveUnreal/Detective/Content/Blueprint/PNJ1.uasset" SILENT=true
[2020.07.17-14.32.10:607][611]LogSavePackage: Moving '../../../../../../Users/Lenovo/Documents/Unreal Projects/ProjetDetectiveUnreal/Detective/Saved/PNJ1C9787D9342E66700C7EDFDBBA0AE3F5A.tmp' to '../../../../../../Users/Lenovo/Documents/Unreal Projects/ProjetDetectiveUnreal/Detective/Content/Blueprint/PNJ1.uasset'
[2020.07.17-14.32.10:642][611]AssetCheck: New page: Asset Save: PNJ1
[2020.07.17-14.32.10:642][611]LogContentValidation: Display: Validating Blueprint /Game/Blueprint/PNJ1.PNJ1
[2020.07.17-14.32.42:687][698]LogSlate: Prevented a slow task dialog from being summoned while a context menu was open
[2020.07.17-14.32.46:216][857]LogSlate: Window 'Project Settings' being destroyed
[2020.07.17-14.32.46:225][857]LogSlate: Window 'Project Settings' being destroyed
[2020.07.17-14.32.59:586][258]LogAssetEditorSubsystem: Opening Asset editor for WidgetBlueprint /Game/Blueprint/UI_PNJ1.UI_PNJ1
[2020.07.17-14.34.00:940][513]LogWorld: UWorld::CleanupWorld for World_6, bSessionEnded=true, bCleanupResources=true
[2020.07.17-14.34.00:940][513]LogSlate: InvalidateAllWidgets triggered.  All widgets were invalidated
[2020.07.17-14.34.00:996][513]LogWorld: UWorld::CleanupWorld for World_5, bSessionEnded=true, bCleanupResources=true
[2020.07.17-14.34.00:996][513]LogSlate: InvalidateAllWidgets triggered.  All widgets were invalidated
[2020.07.17-14.34.45:854][238]LogUObjectHash: Compacting FUObjectHashTables data took  12.23ms
[2020.07.17-14.34.46:493][238]LogSavePackage: Moving '../../../../../../Users/Lenovo/Documents/Unreal Projects/ProjetDetectiveUnreal/Detective/Saved/ThirdPersonExampleMapAD6D943E432B13FD6D79DAB84E6A2810.tmp' to '../../../../../../Users/Lenovo/Documents/Unreal Projects/ProjetDetectiveUnreal/Detective/Content/ThirdPersonBP/Maps/ThirdPersonExampleMap.umap'
[2020.07.17-14.34.46:936][238]LogSavePackage: Moving '../../../../../../Users/Lenovo/Documents/Unreal Projects/ProjetDetectiveUnreal/Detective/Saved/ThirdPersonExampleMap_BuiltData2E562ED04116D28FC4C9AA9EBFF5E2F8.tmp' to '../../../../../../Users/Lenovo/Documents/Unreal Projects/ProjetDetectiveUnreal/Detective/Content/ThirdPersonBP/Maps/ThirdPersonExampleMap_BuiltData.uasset'
[2020.07.17-14.34.46:970][238]AssetCheck: New page: Asset Save: multiple assets
[2020.07.17-14.34.46:970][238]LogContentValidation: Display: Validating World /Game/ThirdPersonBP/Maps/ThirdPersonExampleMap.ThirdPersonExampleMap
[2020.07.17-14.34.46:970][238]LogContentValidation: Display: Validating MapBuildDataRegistry /Game/ThirdPersonBP/Maps/ThirdPersonExampleMap_BuiltData.ThirdPersonExampleMap_BuiltData
[2020.07.17-14.34.53:093][458]LogAssetEditorSubsystem: Opening Asset editor for WidgetBlueprint /Game/Blueprint/UI_PNJ1.UI_PNJ1
[2020.07.17-14.37.35:984][626]LogSlate: Window 'Color Picker' being destroyed
[2020.07.17-14.42.57:990][997]BlueprintLog: New page: Compile UI_PNJ1
[2020.07.17-14.42.58:163][997]LogUObjectHash: Compacting FUObjectHashTables data took  11.57ms
[2020.07.17-14.44.20:410][462]BlueprintLog: New page: Compile UI_PNJ1
[2020.07.17-14.44.20:531][462]LogUObjectHash: Compacting FUObjectHashTables data took  10.26ms
[2020.07.17-14.44.21:778][506]Cmd: OBJ SAVEPACKAGE PACKAGE="/Game/Blueprint/UI_PNJ1" FILE="../../../../../../Users/Lenovo/Documents/Unreal Projects/ProjetDetectiveUnreal/Detective/Content/Blueprint/UI_PNJ1.uasset" SILENT=true
[2020.07.17-14.44.21:831][506]LogSavePackage: Moving '../../../../../../Users/Lenovo/Documents/Unreal Projects/ProjetDetectiveUnreal/Detective/Saved/UI_PNJ16B515215431AC68671BFAB9D9709B511.tmp' to '../../../../../../Users/Lenovo/Documents/Unreal Projects/ProjetDetectiveUnreal/Detective/Content/Blueprint/UI_PNJ1.uasset'
[2020.07.17-14.44.21:862][506]AssetCheck: New page: Asset Save: UI_PNJ1
[2020.07.17-14.44.21:862][506]LogContentValidation: Display: Validating WidgetBlueprint /Game/Blueprint/UI_PNJ1.UI_PNJ1
[2020.07.17-14.44.40:698][210]LogSlate: Warning: Slate: Had to block on waiting for a draw buffer
[2020.07.17-14.44.58:764][210]LogSlate: Window 'Pick Parent Class' being destroyed
[2020.07.17-14.45.47:138][296]LogSlate: Window 'Pick Parent Class' being destroyed
[2020.07.17-14.45.47:410][297]LogUObjectHash: Compacting FUObjectHashTables data took   8.79ms
[2020.07.17-14.45.48:031][297]LogSavePackage: Moving '../../../../../../Users/Lenovo/Documents/Unreal Projects/ProjetDetectiveUnreal/Detective/Saved/ThirdPersonExampleMap_Auto21648170E4572107AAAF1C5A624E2D5F8.tmp' to '../../../../../../Users/Lenovo/Documents/Unreal Projects/ProjetDetectiveUnreal/Detective/Saved/Autosaves/Game/ThirdPersonBP/Maps/ThirdPersonExampleMap_Auto2.umap'
[2020.07.17-14.45.48:035][297]LogFileHelpers: Editor autosave (incl. sublevels) for '/Game/ThirdPersonBP/Maps/ThirdPersonExampleMap' took 0.713
[2020.07.17-14.45.48:035][297]LogFileHelpers: Editor autosave (incl. sublevels) for all levels took 0.713
[2020.07.17-14.46.09:036][891]LogAssetEditorSubsystem: Opening Asset editor for Blueprint /Game/Blueprint/WidgetMacrosLibraries.WidgetMacrosLibraries
[2020.07.17-14.46.46:518][436]LogSlate: Took 0.010817 seconds to synchronously load lazily loaded font '../../../Engine/Content/Slate/Fonts/Roboto-BoldCondensedItalic.ttf' (160K)
[2020.07.17-14.47.57:128][715]LogSavePackage: Moving '../../../../../../Users/Lenovo/Documents/Unreal Projects/ProjetDetectiveUnreal/Detective/Saved/WidgetMacrosLibraries28E833E142ADE1D4A8DB8FBCC4C8432E.tmp' to '../../../../../../Users/Lenovo/Documents/Unreal Projects/ProjetDetectiveUnreal/Detective/Content/Blueprint/WidgetMacrosLibraries.uasset'
[2020.07.17-14.47.57:162][715]AssetCheck: New page: Asset Save: WidgetMacrosLibraries
[2020.07.17-14.47.57:162][715]LogContentValidation: Display: Validating Blueprint /Game/Blueprint/WidgetMacrosLibraries.WidgetMacrosLibraries
[2020.07.17-14.51.01:215][277]BlueprintLog: New page: Compile UI_PNJ1
[2020.07.17-14.51.01:350][277]LogUObjectHash: Compacting FUObjectHashTables data took  10.04ms
[2020.07.17-14.51.02:744][327]Cmd: OBJ SAVEPACKAGE PACKAGE="/Game/Blueprint/UI_PNJ1" FILE="../../../../../../Users/Lenovo/Documents/Unreal Projects/ProjetDetectiveUnreal/Detective/Content/Blueprint/UI_PNJ1.uasset" SILENT=true
[2020.07.17-14.51.02:796][327]LogSavePackage: Moving '../../../../../../Users/Lenovo/Documents/Unreal Projects/ProjetDetectiveUnreal/Detective/Saved/UI_PNJ123836529456439DFAD98109A4ABFFB58.tmp' to '../../../../../../Users/Lenovo/Documents/Unreal Projects/ProjetDetectiveUnreal/Detective/Content/Blueprint/UI_PNJ1.uasset'
[2020.07.17-14.51.02:823][327]AssetCheck: New page: Asset Save: UI_PNJ1
[2020.07.17-14.51.02:823][327]LogContentValidation: Display: Validating WidgetBlueprint /Game/Blueprint/UI_PNJ1.UI_PNJ1
[2020.07.17-14.51.06:368][461]LogSavePackage: Moving '../../../../../../Users/Lenovo/Documents/Unreal Projects/ProjetDetectiveUnreal/Detective/Saved/WidgetMacrosLibrariesB8BA2C704ABCD27FB13C40B198364803.tmp' to '../../../../../../Users/Lenovo/Documents/Unreal Projects/ProjetDetectiveUnreal/Detective/Content/Blueprint/WidgetMacrosLibraries.uasset'
[2020.07.17-14.51.06:399][461]AssetCheck: New page: Asset Save: WidgetMacrosLibraries
[2020.07.17-14.51.06:399][461]LogContentValidation: Display: Validating Blueprint /Game/Blueprint/WidgetMacrosLibraries.WidgetMacrosLibraries
